<?xml version="1.0" encoding="utf-8" standalone="no"?>
<!--This file represents the results of running a test suite-->
<test-results name="D:\Archivos\Personales\Cibertec\Web App Dev VS2013\Archivos\Proyecto\Vuelos\vuelos.unittest\Vuelos.UnitTest.csproj" total="1" errors="0" failures="0" not-run="0" inconclusive="0" ignored="0" skipped="0" invalid="0" date="2016-02-03" time="23:44:04">
  <environment nunit-version="2.6.4.14350" clr-version="2.0.50727.5420" os-version="Microsoft Windows NT 6.1.7601 Service Pack 1" platform="Win32NT" cwd="D:\Archivos\Personales\Cibertec\Web App Dev VS2013\Archivos\Proyecto\Vuelos\vuelos.unittest" machine-name="ERIC-PC" user="ERIC" user-domain="ERIC-PC" />
  <culture-info current-culture="es-PE" current-uiculture="es-ES" />
  <test-suite type="Project" name="D:\Archivos\Personales\Cibertec\Web App Dev VS2013\Archivos\Proyecto\Vuelos\vuelos.unittest\Vuelos.UnitTest.csproj" executed="True" result="Success" success="True" time="0.095" asserts="0">
    <results>
      <test-suite type="Assembly" name="D:\Archivos\Personales\Cibertec\Web App Dev VS2013\Archivos\Proyecto\Vuelos\vuelos.unittest\bin\Debug\Vuelos.UnitTest.dll" executed="True" result="Success" success="True" time="0.083" asserts="0">
        <results>
          <test-suite type="Namespace" name="Vuelos" executed="True" result="Success" success="True" time="0.083" asserts="0">
            <results>
              <test-suite type="Namespace" name="UnitTest" executed="True" result="Success" success="True" time="0.082" asserts="0">
                <results>
                  <test-suite type="TestFixture" name="SumarServicioTest" executed="True" result="Success" success="True" time="0.051" asserts="0">
                    <results>
                      <test-case name="Vuelos.UnitTest.SumarServicioTest.Sumar" executed="True" result="Success" success="True" time="0.030" asserts="1" />
                    </results>
                  </test-suite>
                </results>
              </test-suite>
            </results>
          </test-suite>
        </results>
      </test-suite>
    </results>
  </test-suite>
</test-results>